<?xml version="1.0" encoding="UTF-8"?>
<!-- Generated by org.testng.reporters.JUnitXMLReporter -->
<testsuite hostname="idoshoshani-lt" ignored="0" name="TestAndroid" tests="1" failures="1" timestamp="18 Feb 2018 20:49:56 GMT" time="67.945" errors="0">
  <testcase name="TitleTest" time="45.124" classname="myTests.webExample">
    <failure type="org.openqa.selenium.WebDriverException" message="unknown error (An unknown server-side error occurred. status=&amp;apos;false&amp;apos;. Failed to complete internal method: &amp;apos;launch args: [chrome:https://experitest.com/, false, false]&amp;apos;, details: Failed to navigate to chrome:https://experitest.com/)  (WARNING: The server did not provide any stacktrace information)
Command duration or timeout: 45.12 seconds
Build info: version: &amp;apos;2.53.1&amp;apos;, revision: &amp;apos;a36b8b1cd5757287168e54b817830adce9b0158d&amp;apos;, time: &amp;apos;2016-06-30 19:26:09&amp;apos;
System info: host: &amp;apos;idoshoshani-lt&amp;apos;, ip: &amp;apos;10.0.75.1&amp;apos;, os.name: &amp;apos;Windows 10&amp;apos;, os.arch: &amp;apos;x86&amp;apos;, os.version: &amp;apos;10.0&amp;apos;, java.version: &amp;apos;1.8.0_151&amp;apos;
Driver info: org.openqa.selenium.remote.RemoteWebDriver
Capabilities [{device.majorVersion=5.0.x, dontGoHomeOnQuit=false, device.os=Android, noReset=false, dontStopAppOnReset=false, reservationDuration=240, reportFormat=xml, fullReset=false, platform=ANDROID, desired={generateReport=true, acceptInsecureCerts=true, browserName=android, platformName=android, version=, platform=ANDROID, testName=Get Table Test Android5}, device.serialNumber=N2K7N16811000808, device.version=5.0.1, acceptInsecureCerts=true, browserName=android, reportDirectory=reports, autoWebview=false, platformName=android, testName=Get Table Test Android5, device.screenSize=720x1280, useKeystore=false, cloudViewLink=http://sales.experitest.com/agent-11/#/qE3WNWsHsf9xdXeb?1
Picked up Grid Node (seetest_7798)
Reserved Device : HUAWEI ALE-L02, generateReport=true, device.manufacture=HUAWEI, instrumentApp=false, device.category=PHONE, autoDismissAlerts=false, reportUrl=https://sales-reporter.experitest.com/#/test/5492, version=, keystorePath=~/.android/debug.keystore, waitForDeviceTimeout=120000, device.model=ALE-L02, device.name=HUAWEI ALE-L02, projectName=, gridNodePort=7798, autoAcceptAlerts=false}]
Session ID: CLOUD-SID:2018-02-18_22-48-29-8b662e81-f278-4b54-84ae-1be8be809005">
      <![CDATA[org.openqa.selenium.WebDriverException: unknown error (An unknown server-side error occurred. status='false'. Failed to complete internal method: 'launch args: [chrome:https://experitest.com/, false, false]', details: Failed to navigate to chrome:https://experitest.com/)  (WARNING: The server did not provide any stacktrace information)Command duration or timeout: 45.12 secondsBuild info: version: '2.53.1', revision: 'a36b8b1cd5757287168e54b817830adce9b0158d', time: '2016-06-30 19:26:09'System info: host: 'idoshoshani-lt', ip: '10.0.75.1', os.name: 'Windows 10', os.arch: 'x86', os.version: '10.0', java.version: '1.8.0_151'Driver info: org.openqa.selenium.remote.RemoteWebDriverCapabilities [{device.majorVersion=5.0.x, dontGoHomeOnQuit=false, device.os=Android, noReset=false, dontStopAppOnReset=false, reservationDuration=240, reportFormat=xml, fullReset=false, platform=ANDROID, desired={generateReport=true, acceptInsecureCerts=true, browserName=android, platformName=android, version=, platform=ANDROID, testName=Get Table Test Android5}, device.serialNumber=N2K7N16811000808, device.version=5.0.1, acceptInsecureCerts=true, browserName=android, reportDirectory=reports, autoWebview=false, platformName=android, testName=Get Table Test Android5, device.screenSize=720x1280, useKeystore=false, cloudViewLink=http://sales.experitest.com/agent-11/#/qE3WNWsHsf9xdXeb?1Picked up Grid Node (seetest_7798)Reserved Device : HUAWEI ALE-L02, generateReport=true, device.manufacture=HUAWEI, instrumentApp=false, device.category=PHONE, autoDismissAlerts=false, reportUrl=https://sales-reporter.experitest.com/#/test/5492, version=, keystorePath=~/.android/debug.keystore, waitForDeviceTimeout=120000, device.model=ALE-L02, device.name=HUAWEI ALE-L02, projectName=, gridNodePort=7798, autoAcceptAlerts=false}]Session ID: CLOUD-SID:2018-02-18_22-48-29-8b662e81-f278-4b54-84ae-1be8be809005at org.openqa.selenium.remote.ErrorHandler.createThrowable(ErrorHandler.java:206)at org.openqa.selenium.remote.ErrorHandler.throwIfResponseFailed(ErrorHandler.java:158)at org.openqa.selenium.remote.RemoteWebDriver.execute(RemoteWebDriver.java:678)at org.openqa.selenium.remote.RemoteWebDriver.get(RemoteWebDriver.java:316)at myTests.webExample.TitleTest(webExample.java:77)... Removed 29 stack frames]]>
    </failure>
  </testcase> <!-- TitleTest -->
</testsuite> <!-- TestAndroid -->
